d:\github\remake-of-direct3d11-native-stereoscopic-sample\c++\stereosi.bc595796\x64\release\stereosimpledirect3d.pch
d:\github\remake-of-direct3d11-native-stereoscopic-sample\c++\stereosi.bc595796\x64\release\vc143.pdb
d:\github\remake-of-direct3d11-native-stereoscopic-sample\c++\stereosi.bc595796\x64\release\pch.obj
d:\github\remake-of-direct3d11-native-stereoscopic-sample\c++\stereosi.bc595796\x64\release\basicloader.obj
d:\github\remake-of-direct3d11-native-stereoscopic-sample\c++\stereosi.bc595796\x64\release\ddstextureloader.obj
d:\github\remake-of-direct3d11-native-stereoscopic-sample\c++\stereosi.bc595796\x64\release\sampleoverlay.obj
d:\github\remake-of-direct3d11-native-stereoscopic-sample\c++\stereosi.bc595796\x64\release\directxapp.obj
d:\github\remake-of-direct3d11-native-stereoscopic-sample\c++\stereosi.bc595796\x64\release\directxbase.obj
d:\github\remake-of-direct3d11-native-stereoscopic-sample\c++\stereosi.bc595796\x64\release\basicshapes.obj
d:\github\remake-of-direct3d11-native-stereoscopic-sample\c++\stereosi.bc595796\x64\release\stereosimpled3d.obj
d:\github\remake-of-direct3d11-native-stereoscopic-sample\c++\stereosi.bc595796\x64\release\stereo3dmatrixhelper.obj
d:\github\remake-of-direct3d11-native-stereoscopic-sample\c++\stereosi.bc595796\x64\release\basicreaderwriter.obj
d:\github\remake-of-direct3d11-native-stereoscopic-sample\c++\stereosi.bc595796\x64\release\basictimer.obj
d:\github\remake-of-direct3d11-native-stereoscopic-sample\c++\x64\release\stereosimpledirect3d\simplepixelshader.cso
d:\github\remake-of-direct3d11-native-stereoscopic-sample\c++\x64\release\stereosimpledirect3d\simplevertexshader.cso
d:\github\remake-of-direct3d11-native-stereoscopic-sample\c++\x64\release\stereosimpledirect3d\stereosimpledirect3d.exe
d:\github\remake-of-direct3d11-native-stereoscopic-sample\c++\x64\release\stereosimpledirect3d\stereosimpledirect3d.pdb
d:\github\remake-of-direct3d11-native-stereoscopic-sample\c++\stereosi.bc595796\x64\release\stereosimpledirect3d.vcxproj.assemblyreference.cache
d:\github\remake-of-direct3d11-native-stereoscopic-sample\c++\x64\release\stereosimpledirect3d\smalltile-sdk.png
d:\github\remake-of-direct3d11-native-stereoscopic-sample\c++\x64\release\stereosimpledirect3d\smalltile44-sdk.png
d:\github\remake-of-direct3d11-native-stereoscopic-sample\c++\x64\release\stereosimpledirect3d\splash-sdk.png
d:\github\remake-of-direct3d11-native-stereoscopic-sample\c++\x64\release\stereosimpledirect3d\splash310x310-sdk.png
d:\github\remake-of-direct3d11-native-stereoscopic-sample\c++\x64\release\stereosimpledirect3d\squaretile-sdk.png
d:\github\remake-of-direct3d11-native-stereoscopic-sample\c++\x64\release\stereosimpledirect3d\storelogo-sdk.png
d:\github\remake-of-direct3d11-native-stereoscopic-sample\c++\x64\release\stereosimpledirect3d\storelogo71x71-sdk.png
d:\github\remake-of-direct3d11-native-stereoscopic-sample\c++\x64\release\stereosimpledirect3d\widetile310x150-sdk.png
d:\github\remake-of-direct3d11-native-stereoscopic-sample\c++\x64\release\stereosimpledirect3d\windowsbig-sdk.png
d:\github\remake-of-direct3d11-native-stereoscopic-sample\c++\x64\release\stereosimpledirect3d\texture.dds
d:\github\remake-of-direct3d11-native-stereoscopic-sample\c++\stereosi.bc595796\x64\release\resourcehandlingtask.state
d:\github\remake-of-direct3d11-native-stereoscopic-sample\c++\stereosi.bc595796\x64\release\priconfig.xml
d:\github\remake-of-direct3d11-native-stereoscopic-sample\c++\stereosi.bc595796\x64\release\priconfig.xml.intermediate
d:\github\remake-of-direct3d11-native-stereoscopic-sample\c++\stereosi.bc595796\x64\release\unfiltered.layout.resfiles
d:\github\remake-of-direct3d11-native-stereoscopic-sample\c++\stereosi.bc595796\x64\release\unfiltered.layout.resfiles.intermediate
d:\github\remake-of-direct3d11-native-stereoscopic-sample\c++\stereosi.bc595796\x64\release\filtered.layout.resfiles
d:\github\remake-of-direct3d11-native-stereoscopic-sample\c++\stereosi.bc595796\x64\release\filtered.layout.resfiles.intermediate
d:\github\remake-of-direct3d11-native-stereoscopic-sample\c++\stereosi.bc595796\x64\release\excluded.layout.resfiles
d:\github\remake-of-direct3d11-native-stereoscopic-sample\c++\stereosi.bc595796\x64\release\excluded.layout.resfiles.intermediate
d:\github\remake-of-direct3d11-native-stereoscopic-sample\c++\stereosi.bc595796\x64\release\resources.resfiles
d:\github\remake-of-direct3d11-native-stereoscopic-sample\c++\stereosi.bc595796\x64\release\resources.resfiles.intermediate
d:\github\remake-of-direct3d11-native-stereoscopic-sample\c++\stereosi.bc595796\x64\release\pri.resfiles
d:\github\remake-of-direct3d11-native-stereoscopic-sample\c++\stereosi.bc595796\x64\release\pri.resfiles.intermediate
d:\github\remake-of-direct3d11-native-stereoscopic-sample\c++\x64\release\stereosimpledirect3d\resources.pri
d:\github\remake-of-direct3d11-native-stereoscopic-sample\c++\stereosi.bc595796\x64\release\qualifiers.txt
d:\github\remake-of-direct3d11-native-stereoscopic-sample\c++\stereosi.bc595796\x64\release\qualifiers.txt.intermediate
d:\github\remake-of-direct3d11-native-stereoscopic-sample\c++\stereosi.bc595796\x64\release\multiplequalifiersperdimensionfound.txt
d:\github\remake-of-direct3d11-native-stereoscopic-sample\c++\stereosi.bc595796\x64\release\projectarchitectures.txt
d:\github\remake-of-direct3d11-native-stereoscopic-sample\c++\x64\release\stereosimpledirect3d\appxmanifest.xml
d:\github\remake-of-direct3d11-native-stereoscopic-sample\c++\x64\release\stereosimpledirect3d\stereosimpledirect3d.build.appxrecipe
d:\github\remake-of-direct3d11-native-stereoscopic-sample\c++\stereosi.bc595796\x64\release\stereosi.bc595796.tlog\cl.command.1.tlog
d:\github\remake-of-direct3d11-native-stereoscopic-sample\c++\stereosi.bc595796\x64\release\stereosi.bc595796.tlog\cl.items.tlog
d:\github\remake-of-direct3d11-native-stereoscopic-sample\c++\stereosi.bc595796\x64\release\stereosi.bc595796.tlog\cl.read.1.tlog
d:\github\remake-of-direct3d11-native-stereoscopic-sample\c++\stereosi.bc595796\x64\release\stereosi.bc595796.tlog\cl.write.1.tlog
d:\github\remake-of-direct3d11-native-stereoscopic-sample\c++\stereosi.bc595796\x64\release\stereosi.bc595796.tlog\fxc.command.1.tlog
d:\github\remake-of-direct3d11-native-stereoscopic-sample\c++\stereosi.bc595796\x64\release\stereosi.bc595796.tlog\fxc.read.1.tlog
d:\github\remake-of-direct3d11-native-stereoscopic-sample\c++\stereosi.bc595796\x64\release\stereosi.bc595796.tlog\fxc.write.1.tlog
d:\github\remake-of-direct3d11-native-stereoscopic-sample\c++\stereosi.bc595796\x64\release\stereosi.bc595796.tlog\link.command.1.tlog
d:\github\remake-of-direct3d11-native-stereoscopic-sample\c++\stereosi.bc595796\x64\release\stereosi.bc595796.tlog\link.read.1.tlog
d:\github\remake-of-direct3d11-native-stereoscopic-sample\c++\stereosi.bc595796\x64\release\stereosi.bc595796.tlog\link.secondary.1.tlog
d:\github\remake-of-direct3d11-native-stereoscopic-sample\c++\stereosi.bc595796\x64\release\stereosi.bc595796.tlog\link.write.1.tlog
d:\github\remake-of-direct3d11-native-stereoscopic-sample\c++\stereosi.bc595796\x64\release\stereosi.bc595796.tlog\stereosimpledirect3d.read.1u.tlog
d:\github\remake-of-direct3d11-native-stereoscopic-sample\c++\stereosi.bc595796\x64\release\stereosi.bc595796.tlog\stereosimpledirect3d.write.1u.tlog
