  compilation object save succeeded; see D:\GitHub\Remake-of-Direct3D11-native-stereoscopic-sample\C++\x64\Debug\StereoSimpleDirect3D\SimplePixelShader.cso
  compilation object save succeeded; see D:\GitHub\Remake-of-Direct3D11-native-stereoscopic-sample\C++\x64\Debug\StereoSimpleDirect3D\SimpleVertexShader.cso
  pch.cpp
D:\GitHub\Remake-of-Direct3D11-native-stereoscopic-sample\C++\BasicMath.h(187,16): warning C4244: 'return': conversion from 'double' to 'T', possible loss of data
D:\GitHub\Remake-of-Direct3D11-native-stereoscopic-sample\C++\BasicMath.h(187,16): warning C4244:         with
D:\GitHub\Remake-of-Direct3D11-native-stereoscopic-sample\C++\BasicMath.h(187,16): warning C4244:         [
D:\GitHub\Remake-of-Direct3D11-native-stereoscopic-sample\C++\BasicMath.h(187,16): warning C4244:             T=float
D:\GitHub\Remake-of-Direct3D11-native-stereoscopic-sample\C++\BasicMath.h(187,16): warning C4244:         ]
  (compiling source file 'pch.cpp')
      D:\GitHub\Remake-of-Direct3D11-native-stereoscopic-sample\C++\BasicMath.h(187,16):
      the template instantiation context (the oldest one first) is
          D:\GitHub\Remake-of-Direct3D11-native-stereoscopic-sample\C++\BasicMath.h(487,12):
          see reference to function template instantiation 'Vector3<float> normalize<float>(Vector3<float>)' being compiled
          D:\GitHub\Remake-of-Direct3D11-native-stereoscopic-sample\C++\BasicMath.h(212,13):
          see reference to function template instantiation 'T length<float>(Vector3<T>)' being compiled
          with
          [
              T=float
          ]
  
  BasicLoader.cpp
  BasicReaderWriter.cpp
  BasicShapes.cpp
  BasicTimer.cpp
  DDSTextureLoader.cpp
  DirectXBase.cpp
  SampleOverlay.cpp
  Stereo3DMatrixHelper.cpp
  StereoSimpleD3D.cpp
  DirectXApp.cpp
D:\GitHub\Remake-of-Direct3D11-native-stereoscopic-sample\C++\Stereo3DMatrixHelper.cpp(36,40): warning C4244: '=': conversion from 'double' to 'float', possible loss of data
D:\GitHub\Remake-of-Direct3D11-native-stereoscopic-sample\C++\BasicMath.h(187,16): warning C4244: 'return': conversion from 'double' to 'T', possible loss of data
D:\GitHub\Remake-of-Direct3D11-native-stereoscopic-sample\C++\BasicMath.h(187,16): warning C4244:         with
D:\GitHub\Remake-of-Direct3D11-native-stereoscopic-sample\C++\BasicMath.h(187,16): warning C4244:         [
D:\GitHub\Remake-of-Direct3D11-native-stereoscopic-sample\C++\BasicMath.h(187,16): warning C4244:             T=float
D:\GitHub\Remake-of-Direct3D11-native-stereoscopic-sample\C++\BasicMath.h(187,16): warning C4244:         ]
  (compiling source file 'BasicTimer.cpp')
      D:\GitHub\Remake-of-Direct3D11-native-stereoscopic-sample\C++\BasicMath.h(187,16):
      the template instantiation context (the oldest one first) is
          D:\GitHub\Remake-of-Direct3D11-native-stereoscopic-sample\C++\BasicMath.h(487,12):
          see reference to function template instantiation 'Vector3<float> normalize<float>(Vector3<float>)' being compiled
          D:\GitHub\Remake-of-Direct3D11-native-stereoscopic-sample\C++\BasicMath.h(212,13):
          see reference to function template instantiation 'T length<float>(Vector3<T>)' being compiled
          with
          [
              T=float
          ]
  
D:\GitHub\Remake-of-Direct3D11-native-stereoscopic-sample\C++\BasicMath.h(187,16): warning C4244: 'return': conversion from 'double' to 'T', possible loss of data
D:\GitHub\Remake-of-Direct3D11-native-stereoscopic-sample\C++\BasicMath.h(187,16): warning C4244:         with
D:\GitHub\Remake-of-Direct3D11-native-stereoscopic-sample\C++\BasicMath.h(187,16): warning C4244:         [
D:\GitHub\Remake-of-Direct3D11-native-stereoscopic-sample\C++\BasicMath.h(187,16): warning C4244:             T=float
D:\GitHub\Remake-of-Direct3D11-native-stereoscopic-sample\C++\BasicMath.h(187,16): warning C4244:         ]
  (compiling source file 'Stereo3DMatrixHelper.cpp')
      D:\GitHub\Remake-of-Direct3D11-native-stereoscopic-sample\C++\BasicMath.h(187,16):
      the template instantiation context (the oldest one first) is
          D:\GitHub\Remake-of-Direct3D11-native-stereoscopic-sample\C++\BasicMath.h(487,12):
          see reference to function template instantiation 'Vector3<float> normalize<float>(Vector3<float>)' being compiled
          D:\GitHub\Remake-of-Direct3D11-native-stereoscopic-sample\C++\BasicMath.h(212,13):
          see reference to function template instantiation 'T length<float>(Vector3<T>)' being compiled
          with
          [
              T=float
          ]
  
D:\GitHub\Remake-of-Direct3D11-native-stereoscopic-sample\C++\BasicShapes.cpp(303,17): warning C4244: 'initializing': conversion from 'double' to 'float', possible loss of data
D:\GitHub\Remake-of-Direct3D11-native-stereoscopic-sample\C++\BasicShapes.cpp(304,17): warning C4244: 'initializing': conversion from 'double' to 'float', possible loss of data
D:\GitHub\Remake-of-Direct3D11-native-stereoscopic-sample\C++\BasicShapes.cpp(310,71): warning C4244: 'argument': conversion from 'double' to 'T', possible loss of data
D:\GitHub\Remake-of-Direct3D11-native-stereoscopic-sample\C++\BasicShapes.cpp(310,71): warning C4244:         with
D:\GitHub\Remake-of-Direct3D11-native-stereoscopic-sample\C++\BasicShapes.cpp(310,71): warning C4244:         [
D:\GitHub\Remake-of-Direct3D11-native-stereoscopic-sample\C++\BasicShapes.cpp(310,71): warning C4244:             T=float
D:\GitHub\Remake-of-Direct3D11-native-stereoscopic-sample\C++\BasicShapes.cpp(310,71): warning C4244:         ]
D:\GitHub\Remake-of-Direct3D11-native-stereoscopic-sample\C++\BasicShapes.cpp(310,50): warning C4244: 'argument': conversion from 'double' to 'T', possible loss of data
D:\GitHub\Remake-of-Direct3D11-native-stereoscopic-sample\C++\BasicShapes.cpp(310,50): warning C4244:         with
D:\GitHub\Remake-of-Direct3D11-native-stereoscopic-sample\C++\BasicShapes.cpp(310,50): warning C4244:         [
D:\GitHub\Remake-of-Direct3D11-native-stereoscopic-sample\C++\BasicShapes.cpp(310,50): warning C4244:             T=float
D:\GitHub\Remake-of-Direct3D11-native-stereoscopic-sample\C++\BasicShapes.cpp(310,50): warning C4244:         ]
D:\GitHub\Remake-of-Direct3D11-native-stereoscopic-sample\C++\BasicMath.h(187,16): warning C4244: 'return': conversion from 'double' to 'T', possible loss of data
D:\GitHub\Remake-of-Direct3D11-native-stereoscopic-sample\C++\BasicMath.h(187,16): warning C4244:         with
D:\GitHub\Remake-of-Direct3D11-native-stereoscopic-sample\C++\BasicMath.h(187,16): warning C4244:         [
D:\GitHub\Remake-of-Direct3D11-native-stereoscopic-sample\C++\BasicMath.h(187,16): warning C4244:             T=float
D:\GitHub\Remake-of-Direct3D11-native-stereoscopic-sample\C++\BasicMath.h(187,16): warning C4244:         ]
  (compiling source file 'DDSTextureLoader.cpp')
      D:\GitHub\Remake-of-Direct3D11-native-stereoscopic-sample\C++\BasicMath.h(187,16):
      the template instantiation context (the oldest one first) is
          D:\GitHub\Remake-of-Direct3D11-native-stereoscopic-sample\C++\BasicMath.h(487,12):
          see reference to function template instantiation 'Vector3<float> normalize<float>(Vector3<float>)' being compiled
          D:\GitHub\Remake-of-Direct3D11-native-stereoscopic-sample\C++\BasicMath.h(212,13):
          see reference to function template instantiation 'T length<float>(Vector3<T>)' being compiled
          with
          [
              T=float
          ]
  
D:\GitHub\Remake-of-Direct3D11-native-stereoscopic-sample\C++\BasicShapes.cpp(378,17): warning C4244: 'initializing': conversion from 'double' to 'float', possible loss of data
D:\GitHub\Remake-of-Direct3D11-native-stereoscopic-sample\C++\BasicShapes.cpp(379,17): warning C4244: 'initializing': conversion from 'double' to 'float', possible loss of data
D:\GitHub\Remake-of-Direct3D11-native-stereoscopic-sample\C++\BasicShapes.cpp(385,68): warning C4244: 'argument': conversion from 'double' to 'T', possible loss of data
D:\GitHub\Remake-of-Direct3D11-native-stereoscopic-sample\C++\BasicShapes.cpp(385,68): warning C4244:         with
D:\GitHub\Remake-of-Direct3D11-native-stereoscopic-sample\C++\BasicShapes.cpp(385,68): warning C4244:         [
D:\GitHub\Remake-of-Direct3D11-native-stereoscopic-sample\C++\BasicShapes.cpp(385,68): warning C4244:             T=float
D:\GitHub\Remake-of-Direct3D11-native-stereoscopic-sample\C++\BasicShapes.cpp(385,68): warning C4244:         ]
D:\GitHub\Remake-of-Direct3D11-native-stereoscopic-sample\C++\BasicShapes.cpp(385,49): warning C4244: 'argument': conversion from 'double' to 'T', possible loss of data
D:\GitHub\Remake-of-Direct3D11-native-stereoscopic-sample\C++\BasicShapes.cpp(385,49): warning C4244:         with
D:\GitHub\Remake-of-Direct3D11-native-stereoscopic-sample\C++\BasicShapes.cpp(385,49): warning C4244:         [
D:\GitHub\Remake-of-Direct3D11-native-stereoscopic-sample\C++\BasicShapes.cpp(385,49): warning C4244:             T=float
D:\GitHub\Remake-of-Direct3D11-native-stereoscopic-sample\C++\BasicShapes.cpp(385,49): warning C4244:         ]
D:\GitHub\Remake-of-Direct3D11-native-stereoscopic-sample\C++\BasicShapes.cpp(387,66): warning C4244: 'argument': conversion from 'double' to 'T', possible loss of data
D:\GitHub\Remake-of-Direct3D11-native-stereoscopic-sample\C++\BasicShapes.cpp(387,66): warning C4244:         with
D:\GitHub\Remake-of-Direct3D11-native-stereoscopic-sample\C++\BasicShapes.cpp(387,66): warning C4244:         [
D:\GitHub\Remake-of-Direct3D11-native-stereoscopic-sample\C++\BasicShapes.cpp(387,66): warning C4244:             T=float
D:\GitHub\Remake-of-Direct3D11-native-stereoscopic-sample\C++\BasicShapes.cpp(387,66): warning C4244:         ]
D:\GitHub\Remake-of-Direct3D11-native-stereoscopic-sample\C++\BasicShapes.cpp(387,52): warning C4244: 'argument': conversion from 'double' to 'T', possible loss of data
D:\GitHub\Remake-of-Direct3D11-native-stereoscopic-sample\C++\BasicShapes.cpp(387,52): warning C4244:         with
D:\GitHub\Remake-of-Direct3D11-native-stereoscopic-sample\C++\BasicShapes.cpp(387,52): warning C4244:         [
D:\GitHub\Remake-of-Direct3D11-native-stereoscopic-sample\C++\BasicShapes.cpp(387,52): warning C4244:             T=float
D:\GitHub\Remake-of-Direct3D11-native-stereoscopic-sample\C++\BasicShapes.cpp(387,52): warning C4244:         ]
D:\GitHub\Remake-of-Direct3D11-native-stereoscopic-sample\C++\BasicShapes.cpp(388,115): warning C4244: 'argument': conversion from 'double' to 'T', possible loss of data
D:\GitHub\Remake-of-Direct3D11-native-stereoscopic-sample\C++\BasicShapes.cpp(388,115): warning C4244:         with
D:\GitHub\Remake-of-Direct3D11-native-stereoscopic-sample\C++\BasicShapes.cpp(388,115): warning C4244:         [
D:\GitHub\Remake-of-Direct3D11-native-stereoscopic-sample\C++\BasicShapes.cpp(388,115): warning C4244:             T=float
D:\GitHub\Remake-of-Direct3D11-native-stereoscopic-sample\C++\BasicShapes.cpp(388,115): warning C4244:         ]
D:\GitHub\Remake-of-Direct3D11-native-stereoscopic-sample\C++\BasicShapes.cpp(388,80): warning C4244: 'argument': conversion from 'double' to 'T', possible loss of data
D:\GitHub\Remake-of-Direct3D11-native-stereoscopic-sample\C++\BasicShapes.cpp(388,80): warning C4244:         with
D:\GitHub\Remake-of-Direct3D11-native-stereoscopic-sample\C++\BasicShapes.cpp(388,80): warning C4244:         [
D:\GitHub\Remake-of-Direct3D11-native-stereoscopic-sample\C++\BasicShapes.cpp(388,80): warning C4244:             T=float
D:\GitHub\Remake-of-Direct3D11-native-stereoscopic-sample\C++\BasicShapes.cpp(388,80): warning C4244:         ]
D:\GitHub\Remake-of-Direct3D11-native-stereoscopic-sample\C++\BasicShapes.cpp(388,65): warning C4244: 'argument': conversion from 'double' to 'T', possible loss of data
D:\GitHub\Remake-of-Direct3D11-native-stereoscopic-sample\C++\BasicShapes.cpp(388,65): warning C4244:         with
D:\GitHub\Remake-of-Direct3D11-native-stereoscopic-sample\C++\BasicShapes.cpp(388,65): warning C4244:         [
D:\GitHub\Remake-of-Direct3D11-native-stereoscopic-sample\C++\BasicShapes.cpp(388,65): warning C4244:             T=float
D:\GitHub\Remake-of-Direct3D11-native-stereoscopic-sample\C++\BasicShapes.cpp(388,65): warning C4244:         ]
D:\GitHub\Remake-of-Direct3D11-native-stereoscopic-sample\C++\BasicMath.h(187,16): warning C4244: 'return': conversion from 'double' to 'T', possible loss of data
D:\GitHub\Remake-of-Direct3D11-native-stereoscopic-sample\C++\BasicMath.h(187,16): warning C4244:         with
D:\GitHub\Remake-of-Direct3D11-native-stereoscopic-sample\C++\BasicMath.h(187,16): warning C4244:         [
D:\GitHub\Remake-of-Direct3D11-native-stereoscopic-sample\C++\BasicMath.h(187,16): warning C4244:             T=float
D:\GitHub\Remake-of-Direct3D11-native-stereoscopic-sample\C++\BasicMath.h(187,16): warning C4244:         ]
  (compiling source file 'SampleOverlay.cpp')
      D:\GitHub\Remake-of-Direct3D11-native-stereoscopic-sample\C++\BasicMath.h(187,16):
      the template instantiation context (the oldest one first) is
          D:\GitHub\Remake-of-Direct3D11-native-stereoscopic-sample\C++\BasicMath.h(487,12):
          see reference to function template instantiation 'Vector3<float> normalize<float>(Vector3<float>)' being compiled
          D:\GitHub\Remake-of-Direct3D11-native-stereoscopic-sample\C++\BasicMath.h(212,13):
          see reference to function template instantiation 'T length<float>(Vector3<T>)' being compiled
          with
          [
              T=float
          ]
  
D:\GitHub\Remake-of-Direct3D11-native-stereoscopic-sample\C++\BasicMath.h(187,16): warning C4244: 'return': conversion from 'double' to 'T', possible loss of data
D:\GitHub\Remake-of-Direct3D11-native-stereoscopic-sample\C++\BasicMath.h(187,16): warning C4244:         with
D:\GitHub\Remake-of-Direct3D11-native-stereoscopic-sample\C++\BasicMath.h(187,16): warning C4244:         [
D:\GitHub\Remake-of-Direct3D11-native-stereoscopic-sample\C++\BasicMath.h(187,16): warning C4244:             T=float
D:\GitHub\Remake-of-Direct3D11-native-stereoscopic-sample\C++\BasicMath.h(187,16): warning C4244:         ]
  (compiling source file 'BasicShapes.cpp')
      D:\GitHub\Remake-of-Direct3D11-native-stereoscopic-sample\C++\BasicMath.h(187,16):
      the template instantiation context (the oldest one first) is
          D:\GitHub\Remake-of-Direct3D11-native-stereoscopic-sample\C++\BasicMath.h(487,12):
          see reference to function template instantiation 'Vector3<float> normalize<float>(Vector3<float>)' being compiled
          D:\GitHub\Remake-of-Direct3D11-native-stereoscopic-sample\C++\BasicMath.h(212,13):
          see reference to function template instantiation 'T length<float>(Vector3<T>)' being compiled
          with
          [
              T=float
          ]
  
D:\GitHub\Remake-of-Direct3D11-native-stereoscopic-sample\C++\BasicMath.h(187,16): warning C4244: 'return': conversion from 'double' to 'T', possible loss of data
D:\GitHub\Remake-of-Direct3D11-native-stereoscopic-sample\C++\BasicMath.h(187,16): warning C4244:         with
D:\GitHub\Remake-of-Direct3D11-native-stereoscopic-sample\C++\BasicMath.h(187,16): warning C4244:         [
D:\GitHub\Remake-of-Direct3D11-native-stereoscopic-sample\C++\BasicMath.h(187,16): warning C4244:             T=float
D:\GitHub\Remake-of-Direct3D11-native-stereoscopic-sample\C++\BasicMath.h(187,16): warning C4244:         ]
  (compiling source file 'DirectXBase.cpp')
      D:\GitHub\Remake-of-Direct3D11-native-stereoscopic-sample\C++\BasicMath.h(187,16):
      the template instantiation context (the oldest one first) is
          D:\GitHub\Remake-of-Direct3D11-native-stereoscopic-sample\C++\BasicMath.h(487,12):
          see reference to function template instantiation 'Vector3<float> normalize<float>(Vector3<float>)' being compiled
          D:\GitHub\Remake-of-Direct3D11-native-stereoscopic-sample\C++\BasicMath.h(212,13):
          see reference to function template instantiation 'T length<float>(Vector3<T>)' being compiled
          with
          [
              T=float
          ]
  
D:\GitHub\Remake-of-Direct3D11-native-stereoscopic-sample\C++\BasicMath.h(187,16): warning C4244: 'return': conversion from 'double' to 'T', possible loss of data
D:\GitHub\Remake-of-Direct3D11-native-stereoscopic-sample\C++\BasicMath.h(187,16): warning C4244:         with
D:\GitHub\Remake-of-Direct3D11-native-stereoscopic-sample\C++\BasicMath.h(187,16): warning C4244:         [
D:\GitHub\Remake-of-Direct3D11-native-stereoscopic-sample\C++\BasicMath.h(187,16): warning C4244:             T=float
D:\GitHub\Remake-of-Direct3D11-native-stereoscopic-sample\C++\BasicMath.h(187,16): warning C4244:         ]
  (compiling source file 'DirectXApp.cpp')
      D:\GitHub\Remake-of-Direct3D11-native-stereoscopic-sample\C++\BasicMath.h(187,16):
      the template instantiation context (the oldest one first) is
          D:\GitHub\Remake-of-Direct3D11-native-stereoscopic-sample\C++\BasicMath.h(487,12):
          see reference to function template instantiation 'Vector3<float> normalize<float>(Vector3<float>)' being compiled
          D:\GitHub\Remake-of-Direct3D11-native-stereoscopic-sample\C++\BasicMath.h(212,13):
          see reference to function template instantiation 'T length<float>(Vector3<T>)' being compiled
          with
          [
              T=float
          ]
  
D:\GitHub\Remake-of-Direct3D11-native-stereoscopic-sample\C++\BasicMath.h(187,16): warning C4244: 'return': conversion from 'double' to 'T', possible loss of data
D:\GitHub\Remake-of-Direct3D11-native-stereoscopic-sample\C++\BasicMath.h(187,16): warning C4244:         with
D:\GitHub\Remake-of-Direct3D11-native-stereoscopic-sample\C++\BasicMath.h(187,16): warning C4244:         [
D:\GitHub\Remake-of-Direct3D11-native-stereoscopic-sample\C++\BasicMath.h(187,16): warning C4244:             T=float
D:\GitHub\Remake-of-Direct3D11-native-stereoscopic-sample\C++\BasicMath.h(187,16): warning C4244:         ]
  (compiling source file 'BasicReaderWriter.cpp')
      D:\GitHub\Remake-of-Direct3D11-native-stereoscopic-sample\C++\BasicMath.h(187,16):
      the template instantiation context (the oldest one first) is
          D:\GitHub\Remake-of-Direct3D11-native-stereoscopic-sample\C++\BasicMath.h(487,12):
          see reference to function template instantiation 'Vector3<float> normalize<float>(Vector3<float>)' being compiled
          D:\GitHub\Remake-of-Direct3D11-native-stereoscopic-sample\C++\BasicMath.h(212,13):
          see reference to function template instantiation 'T length<float>(Vector3<T>)' being compiled
          with
          [
              T=float
          ]
  
D:\GitHub\Remake-of-Direct3D11-native-stereoscopic-sample\C++\BasicMath.h(187,16): warning C4244: 'return': conversion from 'double' to 'T', possible loss of data
D:\GitHub\Remake-of-Direct3D11-native-stereoscopic-sample\C++\BasicMath.h(187,16): warning C4244:         with
D:\GitHub\Remake-of-Direct3D11-native-stereoscopic-sample\C++\BasicMath.h(187,16): warning C4244:         [
D:\GitHub\Remake-of-Direct3D11-native-stereoscopic-sample\C++\BasicMath.h(187,16): warning C4244:             T=float
D:\GitHub\Remake-of-Direct3D11-native-stereoscopic-sample\C++\BasicMath.h(187,16): warning C4244:         ]
  (compiling source file 'StereoSimpleD3D.cpp')
      D:\GitHub\Remake-of-Direct3D11-native-stereoscopic-sample\C++\BasicMath.h(187,16):
      the template instantiation context (the oldest one first) is
          D:\GitHub\Remake-of-Direct3D11-native-stereoscopic-sample\C++\BasicMath.h(487,12):
          see reference to function template instantiation 'Vector3<float> normalize<float>(Vector3<float>)' being compiled
          D:\GitHub\Remake-of-Direct3D11-native-stereoscopic-sample\C++\BasicMath.h(212,13):
          see reference to function template instantiation 'T length<float>(Vector3<T>)' being compiled
          with
          [
              T=float
          ]
  
D:\GitHub\Remake-of-Direct3D11-native-stereoscopic-sample\C++\BasicMath.h(187,16): warning C4244: 'return': conversion from 'double' to 'T', possible loss of data
D:\GitHub\Remake-of-Direct3D11-native-stereoscopic-sample\C++\BasicMath.h(187,16): warning C4244:         with
D:\GitHub\Remake-of-Direct3D11-native-stereoscopic-sample\C++\BasicMath.h(187,16): warning C4244:         [
D:\GitHub\Remake-of-Direct3D11-native-stereoscopic-sample\C++\BasicMath.h(187,16): warning C4244:             T=float
D:\GitHub\Remake-of-Direct3D11-native-stereoscopic-sample\C++\BasicMath.h(187,16): warning C4244:         ]
  (compiling source file 'BasicLoader.cpp')
      D:\GitHub\Remake-of-Direct3D11-native-stereoscopic-sample\C++\BasicMath.h(187,16):
      the template instantiation context (the oldest one first) is
          D:\GitHub\Remake-of-Direct3D11-native-stereoscopic-sample\C++\BasicMath.h(487,12):
          see reference to function template instantiation 'Vector3<float> normalize<float>(Vector3<float>)' being compiled
          D:\GitHub\Remake-of-Direct3D11-native-stereoscopic-sample\C++\BasicMath.h(212,13):
          see reference to function template instantiation 'T length<float>(Vector3<T>)' being compiled
          with
          [
              T=float
          ]
  
  StereoSimpleDirect3D.vcxproj -> D:\GitHub\Remake-of-Direct3D11-native-stereoscopic-sample\C++\x64\Debug\StereoSimpleDirect3D\StereoSimpleDirect3D.exe
C:\Program Files\Microsoft Visual Studio\2022\Community\MSBuild\Microsoft\VisualStudio\v17.0\AppxPackage\Microsoft.AppXPackage.Targets(922,5): warning : Certificate file does not exist: StereoSimpleDirect3D_TemporaryKey.pfx
C:\Program Files\Microsoft Visual Studio\2022\Community\MSBuild\Microsoft\VisualStudio\v17.0\AppxPackage\Microsoft.AppXPackage.Targets(2840,5): warning APPX0104: Certificate file 'StereoSimpleDirect3D_TemporaryKey.pfx' not found.
C:\Program Files\Microsoft Visual Studio\2022\Community\MSBuild\Microsoft\VisualStudio\v17.0\AppxPackage\Microsoft.AppXPackage.Targets(2840,5): warning APPX0107: The certificate specified is not valid for signing. For more information about valid certificates, see http://go.microsoft.com/fwlink/?LinkID=241478.
